<?xml version="1.0" encoding="UTF-8"?>
<testsuite xmlns:xsi="http://www.w3.org/2001/XMLSchema-instance" xsi:noNamespaceSchemaLocation="https://maven.apache.org/surefire/maven-surefire-plugin/xsd/surefire-test-report.xsd" name="com.yiguan.novel.Novel01ApplicationTests" time="13.824" tests="3" errors="0" skipped="0" failures="0">
  <properties>
[...]
</properties>
  <testcase name="FileUpload" classname="com.yiguan.novel.Novel01ApplicationTests" time="0.962"/>
  <testcase name="asda" classname="com.yiguan.novel.Novel01ApplicationTests" time="0.007"/>
  <testcase name="testSelect" classname="com.yiguan.novel.Novel01ApplicationTests" time="2.007"/>
</testsuite>